<?xml version="1.0" encoding="UTF-8"?>
<!-- Generated by org.testng.reporters.JUnitReportReporter -->
<testsuite hostname="Adithya" failures="0" tests="1" name="runner.TestRunner" time="12.186" errors="0" timestamp="2023-02-14T23:27:28 IST" skipped="0">
  <testcase classname="runner.TestRunner" name="runScenario" time="12.186"/>
  <system-out/>
</testsuite> <!-- runner.TestRunner -->
